<?xml version="1.0" encoding="UTF-8"?>
<!-- Generated by org.testng.reporters.JUnitReportReporter -->
<testsuite hostname="DESKTOP-JKMLIMQ" failures="0" tests="2" name="testing_Oct10th.TC_001" time="0.157" errors="0" timestamp="2023-10-11T01:02:17 IST" skipped="0">
  <testcase classname="testing_Oct10th.TC_001" name="do_testing" time="0.154"/>
  <testcase classname="testing_Oct10th.TC_001" name="do_testing_1" time="0.003"/>
</testsuite> <!-- testing_Oct10th.TC_001 -->
