<?xml version="1.0" encoding="UTF-8"?>
<!-- Generated by org.testng.reporters.JUnitReportReporter -->
<testsuite hostname="DESKTOP-JKMLIMQ" failures="0" tests="2" name="testing_Oct10th.TC_002" time="0.055" errors="0" timestamp="2023-10-11T01:02:17 IST" skipped="0">
  <testcase classname="testing_Oct10th.TC_002" name="do_testing" time="0.051"/>
  <testcase classname="testing_Oct10th.TC_002" name="do_testing_1" time="0.004"/>
</testsuite> <!-- testing_Oct10th.TC_002 -->
