<?xml version="1.0" encoding="UTF-8"?>
<!-- Generated by org.testng.reporters.JUnitReportReporter -->
<testsuite hostname="DESKTOP-JKMLIMQ" failures="0" tests="3" name="testScripts.GoogleTest" time="0.257" errors="0" timestamp="2023-10-13T00:31:04 IST" skipped="0">
  <testcase classname="testScripts.GoogleTest" name="title_url" time="0.047"/>
  <testcase classname="testScripts.GoogleTest" name="test_theLogo" time="0.144"/>
  <testcase classname="testScripts.GoogleTest" name="test_the_SearchTextBox" time="0.066"/>
</testsuite> <!-- testScripts.GoogleTest -->
