<?xml version="1.0" encoding="UTF-8"?>
<!-- Generated by org.testng.reporters.JUnitReportReporter -->
<testsuite hostname="DESKTOP-JKMLIMQ" failures="0" tests="2" name="testing_Oct10th.iframe_learning" time="17.554" errors="0" timestamp="2023-10-17T22:56:57 IST" skipped="0">
  <testcase classname="testing_Oct10th.iframe_learning" name="test_homepage_1" time="0.393"/>
  <testcase classname="testing_Oct10th.iframe_learning" name="frames_page" time="17.161"/>
</testsuite> <!-- testing_Oct10th.iframe_learning -->
