<?xml version="1.0" encoding="UTF-8"?>
<!-- Generated by org.testng.reporters.JUnitReportReporter -->
<testsuite hostname="DESKTOP-JKMLIMQ" failures="0" tests="3" name="testing_Oct10th.TC_003" time="2.082" errors="0" timestamp="2023-10-17T22:56:57 IST" skipped="0">
  <testcase classname="testing_Oct10th.TC_003" name="test_homepage_1" time="0.749"/>
  <testcase classname="testing_Oct10th.TC_003" name="testing_3" time="0.004"/>
  <testcase classname="testing_Oct10th.TC_003" name="test_Contact_us_2" time="1.329"/>
</testsuite> <!-- testing_Oct10th.TC_003 -->
